\BOOKMARK [0][-]{chapter.1}{\376\377\000W\000e\000l\000c\000o\000m\000e\000\040\000t\000o\000\040\000S\000I\000M\000\040\000D\000o\000c\000u\000m\000e\000n\000t\000a\000t\000i\000o\000n}{}% 1
\BOOKMARK [1][-]{section.1.1}{\376\377\000S\000I\000M}{chapter.1}% 2
\BOOKMARK [2][-]{subsection.1.1.1}{\376\377\000B\000o\000x\000\040\000m\000o\000d\000u\000l\000e}{section.1.1}% 3
\BOOKMARK [2][-]{subsection.1.1.2}{\376\377\000G\000U\000I\000\040\000m\000o\000d\000u\000l\000e}{section.1.1}% 4
\BOOKMARK [2][-]{subsection.1.1.3}{\376\377\000G\000U\000I\000I\000n\000i\000t\000i\000a\000l\000i\000z\000a\000t\000i\000o\000n\000W\000i\000d\000g\000e\000t\000s\000\040\000m\000o\000d\000u\000l\000e}{section.1.1}% 5
\BOOKMARK [2][-]{subsection.1.1.4}{\376\377\000G\000U\000I\000W\000i\000d\000g\000e\000t\000s\000\040\000m\000o\000d\000u\000l\000e}{section.1.1}% 6
\BOOKMARK [2][-]{subsection.1.1.5}{\376\377\000I\000l\000l\000u\000m\000i\000n\000a\000t\000i\000o\000n\000\040\000m\000o\000d\000u\000l\000e}{section.1.1}% 7
\BOOKMARK [2][-]{subsection.1.1.6}{\376\377\000O\000p\000t\000i\000c\000a\000l\000S\000y\000s\000t\000e\000m\000s\000\040\000m\000o\000d\000u\000l\000e}{section.1.1}% 8
\BOOKMARK [2][-]{subsection.1.1.7}{\376\377\000P\000r\000o\000c\000e\000s\000s\000o\000r\000S\000I\000M\000\040\000m\000o\000d\000u\000l\000e}{section.1.1}% 9
\BOOKMARK [2][-]{subsection.1.1.8}{\376\377\000S\000I\000M\000u\000l\000a\000t\000o\000r\000\040\000m\000o\000d\000u\000l\000e}{section.1.1}% 10
\BOOKMARK [2][-]{subsection.1.1.9}{\376\377\000S\000S\000N\000R\000B\000a\000s\000e\000d\000F\000i\000l\000t\000e\000r\000i\000n\000g\000\040\000m\000o\000d\000u\000l\000e}{section.1.1}% 11
\BOOKMARK [2][-]{subsection.1.1.10}{\376\377\000S\000S\000N\000R\000C\000a\000l\000c\000u\000l\000a\000t\000o\000r\000\040\000m\000o\000d\000u\000l\000e}{section.1.1}% 12
\BOOKMARK [2][-]{subsection.1.1.11}{\376\377\000S\000h\000a\000p\000e\000s\000G\000e\000n\000e\000r\000a\000t\000o\000r\000\040\000m\000o\000d\000u\000l\000e}{section.1.1}% 13
\BOOKMARK [2][-]{subsection.1.1.12}{\376\377\000S\000o\000u\000r\000c\000e\000s\000\040\000m\000o\000d\000u\000l\000e}{section.1.1}% 14
\BOOKMARK [2][-]{subsection.1.1.13}{\376\377\000V\000e\000c\000t\000o\000r\000O\000p\000e\000r\000a\000t\000i\000o\000n\000s\000\040\000m\000o\000d\000u\000l\000e}{section.1.1}% 15
\BOOKMARK [2][-]{subsection.1.1.14}{\376\377\000W\000i\000n\000d\000o\000w\000i\000n\000g\000\040\000m\000o\000d\000u\000l\000e}{section.1.1}% 16
\BOOKMARK [2][-]{subsection.1.1.15}{\376\377\000c\000o\000m\000p\000u\000t\000e\000\137\000o\000p\000t\000i\000m\000a\000l\000\137\000l\000a\000t\000t\000i\000c\000e\000s\000\040\000m\000o\000d\000u\000l\000e}{section.1.1}% 17
\BOOKMARK [2][-]{subsection.1.1.16}{\376\377\000c\000o\000n\000f\000o\000c\000a\000l\000\137\000s\000s\000n\000r\000\040\000m\000o\000d\000u\000l\000e}{section.1.1}% 18
\BOOKMARK [2][-]{subsection.1.1.17}{\376\377\000g\000l\000o\000b\000v\000a\000r\000\040\000m\000o\000d\000u\000l\000e}{section.1.1}% 19
\BOOKMARK [2][-]{subsection.1.1.18}{\376\377\000i\000n\000p\000u\000t\000\137\000p\000a\000r\000s\000e\000r\000\040\000m\000o\000d\000u\000l\000e}{section.1.1}% 20
\BOOKMARK [2][-]{subsection.1.1.19}{\376\377\000k\000e\000r\000n\000e\000l\000s\000\040\000m\000o\000d\000u\000l\000e}{section.1.1}% 21
\BOOKMARK [2][-]{subsection.1.1.20}{\376\377\000s\000t\000a\000t\000t\000o\000o\000l\000s\000\040\000m\000o\000d\000u\000l\000e}{section.1.1}% 22
\BOOKMARK [2][-]{subsection.1.1.21}{\376\377\000w\000e\000b\000\137\000i\000n\000t\000e\000r\000f\000a\000c\000e\000\040\000m\000o\000d\000u\000l\000e}{section.1.1}% 23
\BOOKMARK [2][-]{subsection.1.1.22}{\376\377\000w\000r\000a\000p\000p\000e\000r\000s\000\040\000m\000o\000d\000u\000l\000e}{section.1.1}% 24
\BOOKMARK [0][-]{chapter.2}{\376\377\000A\000P\000I\000\040\000R\000e\000f\000e\000r\000e\000n\000c\000e}{}% 25
\BOOKMARK [0][-]{section*.380}{\376\377\000P\000y\000t\000h\000o\000n\000\040\000M\000o\000d\000u\000l\000e\000\040\000I\000n\000d\000e\000x}{}% 26
\BOOKMARK [0][-]{section*.381}{\376\377\000I\000n\000d\000e\000x}{}% 27
